2017-05-11 22:05:43,102 INFO  org.springframework.context.support.AbstractApplicationContext:510  -> Refreshing org.springframework.context.annotation.AnnotationConfigApplicationContext@14899482: startup date [Thu May 11 22:05:43 CST 2017]; root of context hierarchy
2017-05-11 22:05:43,736 INFO  org.springframework.core.io.support.PropertiesLoaderSupport:172  -> Loading properties file from file [D:\web\HSE\ExamStack\scoreMarker\config\scoremaker.properties]
2017-05-11 22:05:46,787 INFO  com.examstack.scoremarker.ScoreMarkerWin:43  -> ScoreMarker daemon init done.
2017-05-11 22:05:46,788 INFO  com.examstack.scoremarker.ScoreMarkerWin:81  -> scoreMaker checking next delivery from message queue
2017-05-11 22:05:49,584 INFO  com.examstack.scoremarker.ScoreMarkerWin:81  -> scoreMaker checking next delivery from message queue
2017-05-11 22:05:49,698 INFO  com.examstack.scoremarker.ScoreMarkerWin:81  -> scoreMaker checking next delivery from message queue
2017-05-11 22:05:49,811 INFO  com.examstack.scoremarker.ScoreMarkerWin:81  -> scoreMaker checking next delivery from message queue
2017-05-11 22:05:49,911 INFO  com.examstack.scoremarker.ScoreMarkerWin:81  -> scoreMaker checking next delivery from message queue
2017-05-11 22:05:50,368 INFO  com.examstack.scoremarker.ScoreMarkerWin:81  -> scoreMaker checking next delivery from message queue
2017-05-11 22:05:50,477 INFO  com.examstack.scoremarker.ScoreMarkerWin:81  -> scoreMaker checking next delivery from message queue
2017-05-11 22:05:50,578 INFO  com.examstack.scoremarker.ScoreMarkerWin:81  -> scoreMaker checking next delivery from message queue
2017-05-11 22:05:50,719 INFO  com.examstack.scoremarker.ScoreMarkerWin:81  -> scoreMaker checking next delivery from message queue
2017-05-11 22:05:50,801 INFO  com.examstack.scoremarker.ScoreMarkerWin:81  -> scoreMaker checking next delivery from message queue
2017-05-11 22:05:50,935 INFO  com.examstack.scoremarker.ScoreMarkerWin:81  -> scoreMaker checking next delivery from message queue
2017-05-11 22:05:51,134 INFO  com.examstack.scoremarker.ScoreMarkerWin:81  -> scoreMaker checking next delivery from message queue
2017-05-11 22:05:51,230 INFO  com.examstack.scoremarker.ScoreMarkerWin:81  -> scoreMaker checking next delivery from message queue
2017-05-11 22:05:51,322 INFO  com.examstack.scoremarker.ScoreMarkerWin:81  -> scoreMaker checking next delivery from message queue
2017-05-11 22:05:51,411 INFO  com.examstack.scoremarker.ScoreMarkerWin:81  -> scoreMaker checking next delivery from message queue
2017-05-11 22:05:51,496 INFO  com.examstack.scoremarker.ScoreMarkerWin:81  -> scoreMaker checking next delivery from message queue
2017-05-11 22:17:16,841 INFO  com.examstack.scoremarker.ScoreMarkerWin:81  -> scoreMaker checking next delivery from message queue
2017-05-11 22:22:12,677 INFO  com.examstack.scoremarker.ScoreMarkerWin:81  -> scoreMaker checking next delivery from message queue
2017-05-11 22:27:18,462 INFO  com.examstack.scoremarker.ScoreMarkerWin:81  -> scoreMaker checking next delivery from message queue
2017-05-12 09:16:33,568 INFO  org.springframework.context.support.AbstractApplicationContext:510  -> Refreshing org.springframework.context.annotation.AnnotationConfigApplicationContext@14899482: startup date [Fri May 12 09:16:33 CST 2017]; root of context hierarchy
2017-05-12 09:16:40,884 INFO  org.springframework.core.io.support.PropertiesLoaderSupport:172  -> Loading properties file from file [D:\web\HSE\ExamStack\scoreMarker\config\scoremaker.properties]
2017-05-12 09:16:53,801 INFO  com.examstack.scoremarker.ScoreMarkerWin:43  -> ScoreMarker daemon init done.
2017-05-12 09:16:53,801 INFO  com.examstack.scoremarker.ScoreMarkerWin:81  -> scoreMaker checking next delivery from message queue
2017-05-12 14:59:53,792 INFO  com.examstack.scoremarker.ScoreMarkerWin:81  -> scoreMaker checking next delivery from message queue
2017-05-12 15:00:15,327 INFO  org.springframework.context.support.AbstractApplicationContext:510  -> Refreshing org.springframework.context.annotation.AnnotationConfigApplicationContext@14899482: startup date [Fri May 12 15:00:15 CST 2017]; root of context hierarchy
2017-05-12 15:00:16,560 INFO  org.springframework.core.io.support.PropertiesLoaderSupport:172  -> Loading properties file from file [D:\web\HSE\ExamStack\scoreMarker\config\scoremaker.properties]
2017-05-12 15:00:21,445 INFO  com.examstack.scoremarker.ScoreMarkerWin:43  -> ScoreMarker daemon init done.
2017-05-12 15:00:21,445 INFO  com.examstack.scoremarker.ScoreMarkerWin:81  -> scoreMaker checking next delivery from message queue
2017-05-15 08:42:05,421 INFO  org.springframework.context.support.AbstractApplicationContext:510  -> Refreshing org.springframework.context.annotation.AnnotationConfigApplicationContext@14899482: startup date [Mon May 15 08:42:05 CST 2017]; root of context hierarchy
2017-05-15 08:42:10,678 INFO  org.springframework.core.io.support.PropertiesLoaderSupport:172  -> Loading properties file from file [D:\web\HSE\ExamStack\scoreMarker\config\scoremaker.properties]
2017-05-15 08:42:22,924 INFO  com.examstack.scoremarker.ScoreMarkerWin:43  -> ScoreMarker daemon init done.
2017-05-15 08:42:22,924 INFO  com.examstack.scoremarker.ScoreMarkerWin:81  -> scoreMaker checking next delivery from message queue
2017-05-16 18:32:34,564 INFO  org.springframework.context.support.AbstractApplicationContext:510  -> Refreshing org.springframework.context.annotation.AnnotationConfigApplicationContext@14899482: startup date [Tue May 16 18:32:34 CST 2017]; root of context hierarchy
2017-05-16 18:32:35,781 INFO  org.springframework.core.io.support.PropertiesLoaderSupport:172  -> Loading properties file from file [D:\web\HSE\ExamStack\scoreMarker\config\scoremaker.properties]
2017-05-16 18:32:39,774 WARN  org.springframework.context.support.AbstractApplicationContext:487  -> Exception encountered during context initialization - cancelling refresh attempt
org.springframework.beans.factory.BeanCreationException: Error creating bean with name 'scoreMarkerMain': Injection of autowired dependencies failed; nested exception is org.springframework.beans.factory.BeanCreationException: Could not autowire field: private com.rabbitmq.client.QueueingConsumer com.examstack.scoremarker.ScoreMarkerMain.consumer; nested exception is org.springframework.beans.factory.BeanCreationException: Error creating bean with name 'queueingConsumer' defined in com.examstack.scoremarker.config.ScoreMarkConfig: Bean instantiation via factory method failed; nested exception is org.springframework.beans.BeanInstantiationException: Failed to instantiate [com.rabbitmq.client.QueueingConsumer]: Factory method 'queueingConsumer' threw exception; nested exception is java.net.ConnectException: Connection refused: connect
	at org.springframework.beans.factory.annotation.AutowiredAnnotationBeanPostProcessor.postProcessPropertyValues(AutowiredAnnotationBeanPostProcessor.java:334)
	at org.springframework.beans.factory.support.AbstractAutowireCapableBeanFactory.populateBean(AbstractAutowireCapableBeanFactory.java:1202)
	at org.springframework.beans.factory.support.AbstractAutowireCapableBeanFactory.doCreateBean(AbstractAutowireCapableBeanFactory.java:537)
	at org.springframework.beans.factory.support.AbstractAutowireCapableBeanFactory.createBean(AbstractAutowireCapableBeanFactory.java:476)
	at org.springframework.beans.factory.support.AbstractBeanFactory$1.getObject(AbstractBeanFactory.java:303)
	at org.springframework.beans.factory.support.DefaultSingletonBeanRegistry.getSingleton(DefaultSingletonBeanRegistry.java:230)
	at org.springframework.beans.factory.support.AbstractBeanFactory.doGetBean(AbstractBeanFactory.java:299)
	at org.springframework.beans.factory.support.AbstractBeanFactory.getBean(AbstractBeanFactory.java:194)
	at org.springframework.beans.factory.support.DefaultListableBeanFactory.preInstantiateSingletons(DefaultListableBeanFactory.java:762)
	at org.springframework.context.support.AbstractApplicationContext.finishBeanFactoryInitialization(AbstractApplicationContext.java:757)
	at org.springframework.context.support.AbstractApplicationContext.refresh(AbstractApplicationContext.java:480)
	at com.examstack.scoremarker.ScoreMarkerWin.init(ScoreMarkerWin.java:39)
	at com.examstack.scoremarker.ScoreMarkerWin.start(ScoreMarkerWin.java:53)
Caused by: org.springframework.beans.factory.BeanCreationException: Could not autowire field: private com.rabbitmq.client.QueueingConsumer com.examstack.scoremarker.ScoreMarkerMain.consumer; nested exception is org.springframework.beans.factory.BeanCreationException: Error creating bean with name 'queueingConsumer' defined in com.examstack.scoremarker.config.ScoreMarkConfig: Bean instantiation via factory method failed; nested exception is org.springframework.beans.BeanInstantiationException: Failed to instantiate [com.rabbitmq.client.QueueingConsumer]: Factory method 'queueingConsumer' threw exception; nested exception is java.net.ConnectException: Connection refused: connect
	at org.springframework.beans.factory.annotation.AutowiredAnnotationBeanPostProcessor$AutowiredFieldElement.inject(AutowiredAnnotationBeanPostProcessor.java:561)
	at org.springframework.beans.factory.annotation.InjectionMetadata.inject(InjectionMetadata.java:88)
	at org.springframework.beans.factory.annotation.AutowiredAnnotationBeanPostProcessor.postProcessPropertyValues(AutowiredAnnotationBeanPostProcessor.java:331)
	... 12 more
Caused by: org.springframework.beans.factory.BeanCreationException: Error creating bean with name 'queueingConsumer' defined in com.examstack.scoremarker.config.ScoreMarkConfig: Bean instantiation via factory method failed; nested exception is org.springframework.beans.BeanInstantiationException: Failed to instantiate [com.rabbitmq.client.QueueingConsumer]: Factory method 'queueingConsumer' threw exception; nested exception is java.net.ConnectException: Connection refused: connect
	at org.springframework.beans.factory.support.ConstructorResolver.instantiateUsingFactoryMethod(ConstructorResolver.java:599)
	at org.springframework.beans.factory.support.AbstractAutowireCapableBeanFactory.instantiateUsingFactoryMethod(AbstractAutowireCapableBeanFactory.java:1111)
	at org.springframework.beans.factory.support.AbstractAutowireCapableBeanFactory.createBeanInstance(AbstractAutowireCapableBeanFactory.java:1006)
	at org.springframework.beans.factory.support.AbstractAutowireCapableBeanFactory.doCreateBean(AbstractAutowireCapableBeanFactory.java:504)
	at org.springframework.beans.factory.support.AbstractAutowireCapableBeanFactory.createBean(AbstractAutowireCapableBeanFactory.java:476)
	at org.springframework.beans.factory.support.AbstractBeanFactory$1.getObject(AbstractBeanFactory.java:303)
	at org.springframework.beans.factory.support.DefaultSingletonBeanRegistry.getSingleton(DefaultSingletonBeanRegistry.java:230)
	at org.springframework.beans.factory.support.AbstractBeanFactory.doGetBean(AbstractBeanFactory.java:299)
	at org.springframework.beans.factory.support.AbstractBeanFactory.getBean(AbstractBeanFactory.java:194)
	at org.springframework.beans.factory.support.DefaultListableBeanFactory.findAutowireCandidates(DefaultListableBeanFactory.java:1127)
	at org.springframework.beans.factory.support.DefaultListableBeanFactory.doResolveDependency(DefaultListableBeanFactory.java:1051)
	at org.springframework.beans.factory.support.DefaultListableBeanFactory.resolveDependency(DefaultListableBeanFactory.java:949)
	at org.springframework.beans.factory.annotation.AutowiredAnnotationBeanPostProcessor$AutowiredFieldElement.inject(AutowiredAnnotationBeanPostProcessor.java:533)
	... 14 more
Caused by: org.springframework.beans.BeanInstantiationException: Failed to instantiate [com.rabbitmq.client.QueueingConsumer]: Factory method 'queueingConsumer' threw exception; nested exception is java.net.ConnectException: Connection refused: connect
	at org.springframework.beans.factory.support.SimpleInstantiationStrategy.instantiate(SimpleInstantiationStrategy.java:189)
	at org.springframework.beans.factory.support.ConstructorResolver.instantiateUsingFactoryMethod(ConstructorResolver.java:588)
	... 26 more
Caused by: java.net.ConnectException: Connection refused: connect
	at java.net.DualStackPlainSocketImpl.connect0(Native Method)
	at java.net.DualStackPlainSocketImpl.socketConnect(DualStackPlainSocketImpl.java:79)
	at java.net.AbstractPlainSocketImpl.doConnect(AbstractPlainSocketImpl.java:350)
	at java.net.AbstractPlainSocketImpl.connectToAddress(AbstractPlainSocketImpl.java:206)
	at java.net.AbstractPlainSocketImpl.connect(AbstractPlainSocketImpl.java:188)
	at java.net.PlainSocketImpl.connect(PlainSocketImpl.java:172)
	at java.net.SocksSocketImpl.connect(SocksSocketImpl.java:392)
	at java.net.Socket.connect(Socket.java:589)
	at com.rabbitmq.client.impl.FrameHandlerFactory.create(FrameHandlerFactory.java:32)
	at com.rabbitmq.client.ConnectionFactory.newConnection(ConnectionFactory.java:588)
	at com.rabbitmq.client.ConnectionFactory.newConnection(ConnectionFactory.java:612)
	at com.examstack.scoremarker.config.ScoreMarkConfig.queueingConsumer(ScoreMarkConfig.java:53)
	at com.examstack.scoremarker.config.ScoreMarkConfig$$EnhancerBySpringCGLIB$$1cbfebb2.CGLIB$queueingConsumer$2(<generated>)
	at com.examstack.scoremarker.config.ScoreMarkConfig$$EnhancerBySpringCGLIB$$1cbfebb2$$FastClassBySpringCGLIB$$b573ab93.invoke(<generated>)
	at org.springframework.cglib.proxy.MethodProxy.invokeSuper(MethodProxy.java:228)
	at org.springframework.context.annotation.ConfigurationClassEnhancer$BeanMethodInterceptor.intercept(ConfigurationClassEnhancer.java:309)
	at com.examstack.scoremarker.config.ScoreMarkConfig$$EnhancerBySpringCGLIB$$1cbfebb2.queueingConsumer(<generated>)
	at sun.reflect.NativeMethodAccessorImpl.invoke0(Native Method)
	at sun.reflect.NativeMethodAccessorImpl.invoke(NativeMethodAccessorImpl.java:62)
	at sun.reflect.DelegatingMethodAccessorImpl.invoke(DelegatingMethodAccessorImpl.java:43)
	at java.lang.reflect.Method.invoke(Method.java:498)
	at org.springframework.beans.factory.support.SimpleInstantiationStrategy.instantiate(SimpleInstantiationStrategy.java:162)
	... 27 more
2017-05-18 17:00:34,534 INFO  org.springframework.context.support.AbstractApplicationContext:510  -> Refreshing org.springframework.context.annotation.AnnotationConfigApplicationContext@14899482: startup date [Thu May 18 17:00:34 CST 2017]; root of context hierarchy
2017-05-18 17:00:35,626 INFO  org.springframework.core.io.support.PropertiesLoaderSupport:172  -> Loading properties file from file [D:\web\HSE\ExamStack\scoreMarker\config\scoremaker.properties]
2017-05-18 17:00:37,545 WARN  org.springframework.context.support.AbstractApplicationContext:487  -> Exception encountered during context initialization - cancelling refresh attempt
org.springframework.beans.factory.BeanCreationException: Error creating bean with name 'scoreMarkerMain': Injection of autowired dependencies failed; nested exception is org.springframework.beans.factory.BeanCreationException: Could not autowire field: private com.rabbitmq.client.QueueingConsumer com.examstack.scoremarker.ScoreMarkerMain.consumer; nested exception is org.springframework.beans.factory.BeanCreationException: Error creating bean with name 'queueingConsumer' defined in com.examstack.scoremarker.config.ScoreMarkConfig: Bean instantiation via factory method failed; nested exception is org.springframework.beans.BeanInstantiationException: Failed to instantiate [com.rabbitmq.client.QueueingConsumer]: Factory method 'queueingConsumer' threw exception; nested exception is java.net.ConnectException: Connection refused: connect
	at org.springframework.beans.factory.annotation.AutowiredAnnotationBeanPostProcessor.postProcessPropertyValues(AutowiredAnnotationBeanPostProcessor.java:334)
	at org.springframework.beans.factory.support.AbstractAutowireCapableBeanFactory.populateBean(AbstractAutowireCapableBeanFactory.java:1202)
	at org.springframework.beans.factory.support.AbstractAutowireCapableBeanFactory.doCreateBean(AbstractAutowireCapableBeanFactory.java:537)
	at org.springframework.beans.factory.support.AbstractAutowireCapableBeanFactory.createBean(AbstractAutowireCapableBeanFactory.java:476)
	at org.springframework.beans.factory.support.AbstractBeanFactory$1.getObject(AbstractBeanFactory.java:303)
	at org.springframework.beans.factory.support.DefaultSingletonBeanRegistry.getSingleton(DefaultSingletonBeanRegistry.java:230)
	at org.springframework.beans.factory.support.AbstractBeanFactory.doGetBean(AbstractBeanFactory.java:299)
	at org.springframework.beans.factory.support.AbstractBeanFactory.getBean(AbstractBeanFactory.java:194)
	at org.springframework.beans.factory.support.DefaultListableBeanFactory.preInstantiateSingletons(DefaultListableBeanFactory.java:762)
	at org.springframework.context.support.AbstractApplicationContext.finishBeanFactoryInitialization(AbstractApplicationContext.java:757)
	at org.springframework.context.support.AbstractApplicationContext.refresh(AbstractApplicationContext.java:480)
	at com.examstack.scoremarker.ScoreMarkerWin.init(ScoreMarkerWin.java:39)
	at com.examstack.scoremarker.ScoreMarkerWin.start(ScoreMarkerWin.java:53)
Caused by: org.springframework.beans.factory.BeanCreationException: Could not autowire field: private com.rabbitmq.client.QueueingConsumer com.examstack.scoremarker.ScoreMarkerMain.consumer; nested exception is org.springframework.beans.factory.BeanCreationException: Error creating bean with name 'queueingConsumer' defined in com.examstack.scoremarker.config.ScoreMarkConfig: Bean instantiation via factory method failed; nested exception is org.springframework.beans.BeanInstantiationException: Failed to instantiate [com.rabbitmq.client.QueueingConsumer]: Factory method 'queueingConsumer' threw exception; nested exception is java.net.ConnectException: Connection refused: connect
	at org.springframework.beans.factory.annotation.AutowiredAnnotationBeanPostProcessor$AutowiredFieldElement.inject(AutowiredAnnotationBeanPostProcessor.java:561)
	at org.springframework.beans.factory.annotation.InjectionMetadata.inject(InjectionMetadata.java:88)
	at org.springframework.beans.factory.annotation.AutowiredAnnotationBeanPostProcessor.postProcessPropertyValues(AutowiredAnnotationBeanPostProcessor.java:331)
	... 12 more
Caused by: org.springframework.beans.factory.BeanCreationException: Error creating bean with name 'queueingConsumer' defined in com.examstack.scoremarker.config.ScoreMarkConfig: Bean instantiation via factory method failed; nested exception is org.springframework.beans.BeanInstantiationException: Failed to instantiate [com.rabbitmq.client.QueueingConsumer]: Factory method 'queueingConsumer' threw exception; nested exception is java.net.ConnectException: Connection refused: connect
	at org.springframework.beans.factory.support.ConstructorResolver.instantiateUsingFactoryMethod(ConstructorResolver.java:599)
	at org.springframework.beans.factory.support.AbstractAutowireCapableBeanFactory.instantiateUsingFactoryMethod(AbstractAutowireCapableBeanFactory.java:1111)
	at org.springframework.beans.factory.support.AbstractAutowireCapableBeanFactory.createBeanInstance(AbstractAutowireCapableBeanFactory.java:1006)
	at org.springframework.beans.factory.support.AbstractAutowireCapableBeanFactory.doCreateBean(AbstractAutowireCapableBeanFactory.java:504)
	at org.springframework.beans.factory.support.AbstractAutowireCapableBeanFactory.createBean(AbstractAutowireCapableBeanFactory.java:476)
	at org.springframework.beans.factory.support.AbstractBeanFactory$1.getObject(AbstractBeanFactory.java:303)
	at org.springframework.beans.factory.support.DefaultSingletonBeanRegistry.getSingleton(DefaultSingletonBeanRegistry.java:230)
	at org.springframework.beans.factory.support.AbstractBeanFactory.doGetBean(AbstractBeanFactory.java:299)
	at org.springframework.beans.factory.support.AbstractBeanFactory.getBean(AbstractBeanFactory.java:194)
	at org.springframework.beans.factory.support.DefaultListableBeanFactory.findAutowireCandidates(DefaultListableBeanFactory.java:1127)
	at org.springframework.beans.factory.support.DefaultListableBeanFactory.doResolveDependency(DefaultListableBeanFactory.java:1051)
	at org.springframework.beans.factory.support.DefaultListableBeanFactory.resolveDependency(DefaultListableBeanFactory.java:949)
	at org.springframework.beans.factory.annotation.AutowiredAnnotationBeanPostProcessor$AutowiredFieldElement.inject(AutowiredAnnotationBeanPostProcessor.java:533)
	... 14 more
Caused by: org.springframework.beans.BeanInstantiationException: Failed to instantiate [com.rabbitmq.client.QueueingConsumer]: Factory method 'queueingConsumer' threw exception; nested exception is java.net.ConnectException: Connection refused: connect
	at org.springframework.beans.factory.support.SimpleInstantiationStrategy.instantiate(SimpleInstantiationStrategy.java:189)
	at org.springframework.beans.factory.support.ConstructorResolver.instantiateUsingFactoryMethod(ConstructorResolver.java:588)
	... 26 more
Caused by: java.net.ConnectException: Connection refused: connect
	at java.net.DualStackPlainSocketImpl.connect0(Native Method)
	at java.net.DualStackPlainSocketImpl.socketConnect(DualStackPlainSocketImpl.java:79)
	at java.net.AbstractPlainSocketImpl.doConnect(AbstractPlainSocketImpl.java:350)
	at java.net.AbstractPlainSocketImpl.connectToAddress(AbstractPlainSocketImpl.java:206)
	at java.net.AbstractPlainSocketImpl.connect(AbstractPlainSocketImpl.java:188)
	at java.net.PlainSocketImpl.connect(PlainSocketImpl.java:172)
	at java.net.SocksSocketImpl.connect(SocksSocketImpl.java:392)
	at java.net.Socket.connect(Socket.java:589)
	at com.rabbitmq.client.impl.FrameHandlerFactory.create(FrameHandlerFactory.java:32)
	at com.rabbitmq.client.ConnectionFactory.newConnection(ConnectionFactory.java:588)
	at com.rabbitmq.client.ConnectionFactory.newConnection(ConnectionFactory.java:612)
	at com.examstack.scoremarker.config.ScoreMarkConfig.queueingConsumer(ScoreMarkConfig.java:53)
	at com.examstack.scoremarker.config.ScoreMarkConfig$$EnhancerBySpringCGLIB$$1cbfebb2.CGLIB$queueingConsumer$1(<generated>)
	at com.examstack.scoremarker.config.ScoreMarkConfig$$EnhancerBySpringCGLIB$$1cbfebb2$$FastClassBySpringCGLIB$$b573ab93.invoke(<generated>)
	at org.springframework.cglib.proxy.MethodProxy.invokeSuper(MethodProxy.java:228)
	at org.springframework.context.annotation.ConfigurationClassEnhancer$BeanMethodInterceptor.intercept(ConfigurationClassEnhancer.java:309)
	at com.examstack.scoremarker.config.ScoreMarkConfig$$EnhancerBySpringCGLIB$$1cbfebb2.queueingConsumer(<generated>)
	at sun.reflect.NativeMethodAccessorImpl.invoke0(Native Method)
	at sun.reflect.NativeMethodAccessorImpl.invoke(NativeMethodAccessorImpl.java:62)
	at sun.reflect.DelegatingMethodAccessorImpl.invoke(DelegatingMethodAccessorImpl.java:43)
	at java.lang.reflect.Method.invoke(Method.java:498)
	at org.springframework.beans.factory.support.SimpleInstantiationStrategy.instantiate(SimpleInstantiationStrategy.java:162)
	... 27 more
2017-05-19 10:12:01,738 INFO  org.springframework.context.support.AbstractApplicationContext:510  -> Refreshing org.springframework.context.annotation.AnnotationConfigApplicationContext@14899482: startup date [Fri May 19 10:12:01 CST 2017]; root of context hierarchy
2017-05-19 10:12:03,189 INFO  org.springframework.core.io.support.PropertiesLoaderSupport:172  -> Loading properties file from file [D:\web\HSE\ExamStack\scoreMarker\config\scoremaker.properties]
2017-05-19 10:12:06,231 WARN  org.springframework.context.support.AbstractApplicationContext:487  -> Exception encountered during context initialization - cancelling refresh attempt
org.springframework.beans.factory.BeanCreationException: Error creating bean with name 'scoreMarkerMain': Injection of autowired dependencies failed; nested exception is org.springframework.beans.factory.BeanCreationException: Could not autowire field: private com.rabbitmq.client.QueueingConsumer com.examstack.scoremarker.ScoreMarkerMain.consumer; nested exception is org.springframework.beans.factory.BeanCreationException: Error creating bean with name 'queueingConsumer' defined in com.examstack.scoremarker.config.ScoreMarkConfig: Bean instantiation via factory method failed; nested exception is org.springframework.beans.BeanInstantiationException: Failed to instantiate [com.rabbitmq.client.QueueingConsumer]: Factory method 'queueingConsumer' threw exception; nested exception is java.net.ConnectException: Connection refused: connect
	at org.springframework.beans.factory.annotation.AutowiredAnnotationBeanPostProcessor.postProcessPropertyValues(AutowiredAnnotationBeanPostProcessor.java:334)
	at org.springframework.beans.factory.support.AbstractAutowireCapableBeanFactory.populateBean(AbstractAutowireCapableBeanFactory.java:1202)
	at org.springframework.beans.factory.support.AbstractAutowireCapableBeanFactory.doCreateBean(AbstractAutowireCapableBeanFactory.java:537)
	at org.springframework.beans.factory.support.AbstractAutowireCapableBeanFactory.createBean(AbstractAutowireCapableBeanFactory.java:476)
	at org.springframework.beans.factory.support.AbstractBeanFactory$1.getObject(AbstractBeanFactory.java:303)
	at org.springframework.beans.factory.support.DefaultSingletonBeanRegistry.getSingleton(DefaultSingletonBeanRegistry.java:230)
	at org.springframework.beans.factory.support.AbstractBeanFactory.doGetBean(AbstractBeanFactory.java:299)
	at org.springframework.beans.factory.support.AbstractBeanFactory.getBean(AbstractBeanFactory.java:194)
	at org.springframework.beans.factory.support.DefaultListableBeanFactory.preInstantiateSingletons(DefaultListableBeanFactory.java:762)
	at org.springframework.context.support.AbstractApplicationContext.finishBeanFactoryInitialization(AbstractApplicationContext.java:757)
	at org.springframework.context.support.AbstractApplicationContext.refresh(AbstractApplicationContext.java:480)
	at com.examstack.scoremarker.ScoreMarkerWin.init(ScoreMarkerWin.java:39)
	at com.examstack.scoremarker.ScoreMarkerWin.start(ScoreMarkerWin.java:53)
Caused by: org.springframework.beans.factory.BeanCreationException: Could not autowire field: private com.rabbitmq.client.QueueingConsumer com.examstack.scoremarker.ScoreMarkerMain.consumer; nested exception is org.springframework.beans.factory.BeanCreationException: Error creating bean with name 'queueingConsumer' defined in com.examstack.scoremarker.config.ScoreMarkConfig: Bean instantiation via factory method failed; nested exception is org.springframework.beans.BeanInstantiationException: Failed to instantiate [com.rabbitmq.client.QueueingConsumer]: Factory method 'queueingConsumer' threw exception; nested exception is java.net.ConnectException: Connection refused: connect
	at org.springframework.beans.factory.annotation.AutowiredAnnotationBeanPostProcessor$AutowiredFieldElement.inject(AutowiredAnnotationBeanPostProcessor.java:561)
	at org.springframework.beans.factory.annotation.InjectionMetadata.inject(InjectionMetadata.java:88)
	at org.springframework.beans.factory.annotation.AutowiredAnnotationBeanPostProcessor.postProcessPropertyValues(AutowiredAnnotationBeanPostProcessor.java:331)
	... 12 more
Caused by: org.springframework.beans.factory.BeanCreationException: Error creating bean with name 'queueingConsumer' defined in com.examstack.scoremarker.config.ScoreMarkConfig: Bean instantiation via factory method failed; nested exception is org.springframework.beans.BeanInstantiationException: Failed to instantiate [com.rabbitmq.client.QueueingConsumer]: Factory method 'queueingConsumer' threw exception; nested exception is java.net.ConnectException: Connection refused: connect
	at org.springframework.beans.factory.support.ConstructorResolver.instantiateUsingFactoryMethod(ConstructorResolver.java:599)
	at org.springframework.beans.factory.support.AbstractAutowireCapableBeanFactory.instantiateUsingFactoryMethod(AbstractAutowireCapableBeanFactory.java:1111)
	at org.springframework.beans.factory.support.AbstractAutowireCapableBeanFactory.createBeanInstance(AbstractAutowireCapableBeanFactory.java:1006)
	at org.springframework.beans.factory.support.AbstractAutowireCapableBeanFactory.doCreateBean(AbstractAutowireCapableBeanFactory.java:504)
	at org.springframework.beans.factory.support.AbstractAutowireCapableBeanFactory.createBean(AbstractAutowireCapableBeanFactory.java:476)
	at org.springframework.beans.factory.support.AbstractBeanFactory$1.getObject(AbstractBeanFactory.java:303)
	at org.springframework.beans.factory.support.DefaultSingletonBeanRegistry.getSingleton(DefaultSingletonBeanRegistry.java:230)
	at org.springframework.beans.factory.support.AbstractBeanFactory.doGetBean(AbstractBeanFactory.java:299)
	at org.springframework.beans.factory.support.AbstractBeanFactory.getBean(AbstractBeanFactory.java:194)
	at org.springframework.beans.factory.support.DefaultListableBeanFactory.findAutowireCandidates(DefaultListableBeanFactory.java:1127)
	at org.springframework.beans.factory.support.DefaultListableBeanFactory.doResolveDependency(DefaultListableBeanFactory.java:1051)
	at org.springframework.beans.factory.support.DefaultListableBeanFactory.resolveDependency(DefaultListableBeanFactory.java:949)
	at org.springframework.beans.factory.annotation.AutowiredAnnotationBeanPostProcessor$AutowiredFieldElement.inject(AutowiredAnnotationBeanPostProcessor.java:533)
	... 14 more
Caused by: org.springframework.beans.BeanInstantiationException: Failed to instantiate [com.rabbitmq.client.QueueingConsumer]: Factory method 'queueingConsumer' threw exception; nested exception is java.net.ConnectException: Connection refused: connect
	at org.springframework.beans.factory.support.SimpleInstantiationStrategy.instantiate(SimpleInstantiationStrategy.java:189)
	at org.springframework.beans.factory.support.ConstructorResolver.instantiateUsingFactoryMethod(ConstructorResolver.java:588)
	... 26 more
Caused by: java.net.ConnectException: Connection refused: connect
	at java.net.DualStackPlainSocketImpl.connect0(Native Method)
	at java.net.DualStackPlainSocketImpl.socketConnect(DualStackPlainSocketImpl.java:79)
	at java.net.AbstractPlainSocketImpl.doConnect(AbstractPlainSocketImpl.java:350)
	at java.net.AbstractPlainSocketImpl.connectToAddress(AbstractPlainSocketImpl.java:206)
	at java.net.AbstractPlainSocketImpl.connect(AbstractPlainSocketImpl.java:188)
	at java.net.PlainSocketImpl.connect(PlainSocketImpl.java:172)
	at java.net.SocksSocketImpl.connect(SocksSocketImpl.java:392)
	at java.net.Socket.connect(Socket.java:589)
	at com.rabbitmq.client.impl.FrameHandlerFactory.create(FrameHandlerFactory.java:32)
	at com.rabbitmq.client.ConnectionFactory.newConnection(ConnectionFactory.java:588)
	at com.rabbitmq.client.ConnectionFactory.newConnection(ConnectionFactory.java:612)
	at com.examstack.scoremarker.config.ScoreMarkConfig.queueingConsumer(ScoreMarkConfig.java:53)
	at com.examstack.scoremarker.config.ScoreMarkConfig$$EnhancerBySpringCGLIB$$1cbfebb2.CGLIB$queueingConsumer$2(<generated>)
	at com.examstack.scoremarker.config.ScoreMarkConfig$$EnhancerBySpringCGLIB$$1cbfebb2$$FastClassBySpringCGLIB$$b573ab93.invoke(<generated>)
	at org.springframework.cglib.proxy.MethodProxy.invokeSuper(MethodProxy.java:228)
	at org.springframework.context.annotation.ConfigurationClassEnhancer$BeanMethodInterceptor.intercept(ConfigurationClassEnhancer.java:309)
	at com.examstack.scoremarker.config.ScoreMarkConfig$$EnhancerBySpringCGLIB$$1cbfebb2.queueingConsumer(<generated>)
	at sun.reflect.NativeMethodAccessorImpl.invoke0(Native Method)
	at sun.reflect.NativeMethodAccessorImpl.invoke(NativeMethodAccessorImpl.java:62)
	at sun.reflect.DelegatingMethodAccessorImpl.invoke(DelegatingMethodAccessorImpl.java:43)
	at java.lang.reflect.Method.invoke(Method.java:498)
	at org.springframework.beans.factory.support.SimpleInstantiationStrategy.instantiate(SimpleInstantiationStrategy.java:162)
	... 27 more
